c:\users\arian\desktop\seneca\oop 244\lab 2\w2p2\x64\debug\vc143.pdb
c:\users\arian\desktop\seneca\oop 244\lab 2\w2p2\x64\debug\vc143.idb
c:\users\arian\desktop\seneca\oop 244\lab 2\w2p2\x64\debug\population.obj
c:\users\arian\desktop\seneca\oop 244\lab 2\w2p2\x64\debug\main.obj
c:\users\arian\desktop\seneca\oop 244\lab 2\w2p2\x64\debug\file.obj
c:\users\arian\desktop\seneca\oop 244\lab 2\w2p2\x64\debug\cstring.obj
c:\users\arian\desktop\seneca\oop 244\lab 2\w2p2\x64\debug\popreport.obj
c:\users\arian\desktop\seneca\oop 244\lab 2\w2p2\x64\debug\w2p2.pdb
c:\users\arian\desktop\seneca\oop 244\lab 2\w2p2\x64\debug\w2p2.tlog\cl.command.1.tlog
c:\users\arian\desktop\seneca\oop 244\lab 2\w2p2\x64\debug\w2p2.tlog\cl.items.tlog
c:\users\arian\desktop\seneca\oop 244\lab 2\w2p2\x64\debug\w2p2.tlog\cl.read.1.tlog
c:\users\arian\desktop\seneca\oop 244\lab 2\w2p2\x64\debug\w2p2.tlog\cl.write.1.tlog
c:\users\arian\desktop\seneca\oop 244\lab 2\w2p2\x64\debug\w2p2.tlog\link-cvtres.read.1.tlog
c:\users\arian\desktop\seneca\oop 244\lab 2\w2p2\x64\debug\w2p2.tlog\link-cvtres.write.1.tlog
c:\users\arian\desktop\seneca\oop 244\lab 2\w2p2\x64\debug\w2p2.tlog\link-rc.read.1.tlog
c:\users\arian\desktop\seneca\oop 244\lab 2\w2p2\x64\debug\w2p2.tlog\link-rc.write.1.tlog
c:\users\arian\desktop\seneca\oop 244\lab 2\w2p2\x64\debug\w2p2.tlog\link.1444-cvtres.read.1.tlog
c:\users\arian\desktop\seneca\oop 244\lab 2\w2p2\x64\debug\w2p2.tlog\link.1444-cvtres.write.1.tlog
c:\users\arian\desktop\seneca\oop 244\lab 2\w2p2\x64\debug\w2p2.tlog\link.1444-rc.read.1.tlog
c:\users\arian\desktop\seneca\oop 244\lab 2\w2p2\x64\debug\w2p2.tlog\link.1444-rc.write.1.tlog
c:\users\arian\desktop\seneca\oop 244\lab 2\w2p2\x64\debug\w2p2.tlog\link.1444.read.1.tlog
c:\users\arian\desktop\seneca\oop 244\lab 2\w2p2\x64\debug\w2p2.tlog\link.1444.read.2.tlog
c:\users\arian\desktop\seneca\oop 244\lab 2\w2p2\x64\debug\w2p2.tlog\link.1444.read.3.tlog
c:\users\arian\desktop\seneca\oop 244\lab 2\w2p2\x64\debug\w2p2.tlog\link.1444.read.4.tlog
c:\users\arian\desktop\seneca\oop 244\lab 2\w2p2\x64\debug\w2p2.tlog\link.1444.write.1.tlog
c:\users\arian\desktop\seneca\oop 244\lab 2\w2p2\x64\debug\w2p2.tlog\link.command.1.tlog
c:\users\arian\desktop\seneca\oop 244\lab 2\w2p2\x64\debug\w2p2.tlog\link.read.1.tlog
c:\users\arian\desktop\seneca\oop 244\lab 2\w2p2\x64\debug\w2p2.tlog\link.read.2.tlog
c:\users\arian\desktop\seneca\oop 244\lab 2\w2p2\x64\debug\w2p2.tlog\link.read.3.tlog
c:\users\arian\desktop\seneca\oop 244\lab 2\w2p2\x64\debug\w2p2.tlog\link.read.4.tlog
c:\users\arian\desktop\seneca\oop 244\lab 2\w2p2\x64\debug\w2p2.tlog\link.write.1.tlog
